0.0 0
163.0 1
163
0.0 0
163.0 1
163.0 1
244.0 2
122
0.0 0
163.0 1
163.0 1
244.0 2
244.0 2
337.0 3
112
0.0 0
163.0 1
163.0 1
244.0 2
244.0 2
337.0 3
337.0 3
454.0 4
114
0.0 0
163.0 1
163.0 1
244.0 2
244.0 2
337.0 3
337.0 3
454.0 4
454.0 4
639.0 5
128
0.0 0
81.0 1
81.0 1
174.0 2
174.0 2
291.0 3
291.0 3
476.0 4
476.0 4
634.0 5
127
0.0 0
93.0 1
93.0 1
210.0 2
210.0 2
395.0 3
395.0 3
553.0 4
553.0 4
687.0 5
137
0.0 0
117.0 1
117.0 1
302.0 2
302.0 2
460.0 3
460.0 3
594.0 4
594.0 4
652.0 5
130
0.0 0
185.0 1
185.0 1
343.0 2
343.0 2
477.0 3
477.0 3
535.0 4
535.0 4
636.0 5
127
0.0 0
158.0 1
158.0 1
292.0 2
292.0 2
350.0 3
350.0 3
451.0 4
451.0 4
553.0 5
111
0.0 0
134.0 1
134.0 1
192.0 2
192.0 2
293.0 3
293.0 3
395.0 4
395.0 4
493.0 5
99
0.0 0
58.0 1
58.0 1
159.0 2
159.0 2
261.0 3
261.0 3
359.0 4
359.0 4
483.0 5
97
0.0 0
101.0 1
101.0 1
203.0 2
203.0 2
301.0 3
301.0 3
425.0 4
425.0 4
522.0 5
104
0.0 0
102.0 1
102.0 1
200.0 2
200.0 2
324.0 3
324.0 3
421.0 4
421.0 4
569.0 5
114
0.0 0
98.0 1
98.0 1
222.0 2
222.0 2
319.0 3
319.0 3
467.0 4
467.0 4
586.0 5
117
0.0 0
124.0 1
124.0 1
221.0 2
221.0 2
369.0 3
369.0 3
488.0 4
488.0 4
730.0 5
146
0.0 0
97.0 1
97.0 1
245.0 2
245.0 2
364.0 3
364.0 3
606.0 4
606.0 4
707.0 5
141
0.0 0
148.0 1
148.0 1
267.0 2
267.0 2
509.0 3
509.0 3
610.0 4
610.0 4
758.0 5
152
0.0 0
119.0 1
119.0 1
361.0 2
361.0 2
462.0 3
462.0 3
610.0 4
610.0 4
720.0 5
144
0.0 0
242.0 1
242.0 1
343.0 2
343.0 2
491.0 3
491.0 3
601.0 4
601.0 4
733.0 5
147
0.0 0
101.0 1
101.0 1
249.0 2
249.0 2
359.0 3
359.0 3
491.0 4
491.0 4
644.0 5
129
0.0 0
148.0 1
148.0 1
258.0 2
258.0 2
390.0 3
390.0 3
543.0 4
543.0 4
547.0 5
109
0.0 0
110.0 1
110.0 1
242.0 2
242.0 2
395.0 3
395.0 3
399.0 4
399.0 4
487.0 5
97
0.0 0
132.0 1
132.0 1
285.0 2
285.0 2
289.0 3
289.0 3
377.0 4
377.0 4
484.0 5
97
0.0 0
153.0 1
153.0 1
157.0 2
157.0 2
245.0 3
245.0 3
352.0 4
352.0 4
459.0 5
92
0.0 0
4.0 1
4.0 1
92.0 2
92.0 2
199.0 3
199.0 3
306.0 4
306.0 4
399.0 5
80
0.0 0
88.0 1
88.0 1
195.0 2
195.0 2
302.0 3
302.0 3
395.0 4
395.0 4
511.0 5
102
0.0 0
107.0 1
107.0 1
214.0 2
214.0 2
307.0 3
307.0 3
423.0 4
423.0 4
568.0 5
114
0.0 0
107.0 1
107.0 1
200.0 2
200.0 2
316.0 3
316.0 3
461.0 4
461.0 4
558.0 5
112
0.0 0
93.0 1
93.0 1
209.0 2
209.0 2
354.0 3
354.0 3
451.0 4
451.0 4
543.0 5
109
0.0 0
116.0 1
116.0 1
261.0 2
261.0 2
358.0 3
358.0 3
450.0 4
450.0 4
588.0 5
118
0.0 0
145.0 1
145.0 1
242.0 2
242.0 2
334.0 3
334.0 3
472.0 4
472.0 4
576.0 5
115
0.0 0
97.0 1
97.0 1
189.0 2
189.0 2
327.0 3
327.0 3
431.0 4
431.0 4
588.0 5
118
0.0 0
92.0 1
92.0 1
230.0 2
230.0 2
334.0 3
334.0 3
491.0 4
491.0 4
586.0 5
117
0.0 0
138.0 1
138.0 1
242.0 2
242.0 2
399.0 3
399.0 3
494.0 4
494.0 4
649.0 5
130
0.0 0
104.0 1
104.0 1
261.0 2
261.0 2
356.0 3
356.0 3
511.0 4
511.0 4
611.0 5
122
0.0 0
157.0 1
157.0 1
252.0 2
252.0 2
407.0 3
407.0 3
507.0 4
507.0 4
615.0 5
123
0.0 0
95.0 1
95.0 1
250.0 2
250.0 2
350.0 3
350.0 3
458.0 4
458.0 4
572.0 5
114
0.0 0
155.0 1
155.0 1
255.0 2
255.0 2
363.0 3
363.0 3
477.0 4
477.0 4
598.0 5
120
(R) Duna
(R) Emboscada
(R) Encontros
(R) Free Guy: Assumindo o Controle
0.0 0
121.0 1
121.0 1
234.0 2
117
0.0 0
121.0 1
121.0 1
234.0 2
234.0 2
330.0 3
110
0.0 0
121.0 1
121.0 1
234.0 2
234.0 2
330.0 3
330.0 3
426.0 4
107
0.0 0
121.0 1
121.0 1
234.0 2
234.0 2
330.0 3
330.0 3
426.0 4
426.0 4
515.0 5
103
(R) G.I. Joe Origens: Snake Eyes
0.0 0
113.0 1
113.0 1
209.0 2
209.0 2
305.0 3
305.0 3
394.0 4
394.0 4
527.0 5
105
0.0 0
96.0 1
96.0 1
192.0 2
192.0 2
281.0 3
281.0 3
414.0 4
414.0 4
416.0 5
83
0.0 0
96.0 1
96.0 1
185.0 2
185.0 2
318.0 3
318.0 3
320.0 4
320.0 4
398.0 5
80
(R) Golpes de Vingança
(R) Kimi: Alguém Está Escutando
(R) Licorice Pizza
(R) Morte no Nilo
[0] Mulher-Gato: A Caçada Catwoman: Hunted 22/02/2022 78 Animação,Ação,Crime Inglês Lançado 0.0 [dc comics, superhero]
